Build started 4/8/2014 8:07:25 AM.
     1>Project "C:\Users\Bien\Documents\Visual Studio 2013\Projects\oslab3_a\oslab3_a\oslab3_a.vcxproj" on node 2 (Build target(s)).
     1>ClCompile:
         C:\Program Files (x86)\Microsoft Visual Studio 12.0\VC\bin\CL.exe /c /ZI /nologo /W3 /WX- /sdl /Od /Oy- /D _MBCS /Gm /EHsc /RTC1 /MDd /GS /fp:precise /Zc:wchar_t /Zc:forScope /Fo"Debug\\" /Fd"Debug\vc120.pdb" /Gd /TC /analyze- /errorReport:prompt "E:\HK4\He dieu hanh\Thuc hanh\OSLab03\Bakery\bakery.c"
         bakery.c
     1>e:\hk4\he dieu hanh\thuc hanh\oslab03\bakery\bakery.c(14): warning C4013: 'malloc' undefined; assuming extern returning int
     1>e:\hk4\he dieu hanh\thuc hanh\oslab03\bakery\bakery.c(22): warning C4013: 'free' undefined; assuming extern returning int
       Link:
         C:\Program Files (x86)\Microsoft Visual Studio 12.0\VC\bin\link.exe /ERRORREPORT:PROMPT /OUT:"C:\Users\Bien\Documents\Visual Studio 2013\Projects\oslab3_a\Debug\oslab3_a.exe" /INCREMENTAL /NOLOGO kernel32.lib user32.lib gdi32.lib winspool.lib comdlg32.lib advapi32.lib shell32.lib ole32.lib oleaut32.lib uuid.lib odbc32.lib odbccp32.lib /MANIFEST /MANIFESTUAC:"level='asInvoker' uiAccess='false'" /manifest:embed /DEBUG /PDB:"C:\Users\Bien\Documents\Visual Studio 2013\Projects\oslab3_a\Debug\oslab3_a.pdb" /TLBID:1 /DYNAMICBASE /NXCOMPAT /IMPLIB:"C:\Users\Bien\Documents\Visual Studio 2013\Projects\oslab3_a\Debug\oslab3_a.lib" /MACHINE:X86 Debug\bakery.obj
     1>LINK : fatal error LNK1561: entry point must be defined
     1>Done Building Project "C:\Users\Bien\Documents\Visual Studio 2013\Projects\oslab3_a\oslab3_a\oslab3_a.vcxproj" (Build target(s)) -- FAILED.

Build FAILED.

Time Elapsed 00:00:01.25
